Using pre-set license
Built from '2020.3/staging' branch; Version is '2020.3.11f1 (99c7afb366b3) revision 10078127'; Using compiler version '192528614'; Build Type 'Release'
OS: 'Windows 10 Home; OS build 19043.1165; Version 2009; 64bit' Language: 'en' Physical Memory: 32635 MB
BatchMode: 1, IsHumanControllingUs: 0, StartBugReporterOnCrash: 0, Is64bit: 1, IsPro: 0

 COMMAND LINE ARGUMENTS:
D:\programs\unity\2020.3.11f1\Editor\Unity.exe
-adb2
-batchMode
-noUpm
-name
AssetImportWorker0
-projectPath
D:/projects/unityProjects/3D projects/PerceptronV1
-logFile
Logs/AssetImportWorker0.log
-srvPort
52478
Successfully changed project path to: D:/projects/unityProjects/3D projects/PerceptronV1
D:/projects/unityProjects/3D projects/PerceptronV1
Using Asset Import Pipeline V2.
Refreshing native plugins compatible for Editor in 22.33 ms, found 2 plugins.
Preloading 0 native plugins for Editor in 0.00 ms.
Initialize engine version: 2020.3.11f1 (99c7afb366b3)
[Subsystems] Discovering subsystems at path D:/programs/unity/2020.3.11f1/Editor/Data/Resources/UnitySubsystems
[Subsystems] Discovering subsystems at path D:/projects/unityProjects/3D projects/PerceptronV1/Assets
GfxDevice: creating device client; threaded=0
Direct3D:
    Version:  Direct3D 11.0 [level 11.1]
    Renderer: NVIDIA GeForce GTX 1650 Ti (ID=0x1f95)
    Vendor:   
    VRAM:     3962 MB
    Driver:   27.21.14.6611
Initialize mono
Mono path[0] = 'D:/programs/unity/2020.3.11f1/Editor/Data/Managed'
Mono path[1] = 'D:/programs/unity/2020.3.11f1/Editor/Data/MonoBleedingEdge/lib/mono/unityjit'
Mono config path = 'D:/programs/unity/2020.3.11f1/Editor/Data/MonoBleedingEdge/etc'
Using monoOptions --debugger-agent=transport=dt_socket,embedding=1,server=y,suspend=n,address=127.0.0.1:56216
Begin MonoManager ReloadAssembly
Registering precompiled unity dll's ...
Register platform support module: D:/programs/unity/2020.3.11f1/Editor/Data/PlaybackEngines/WebGLSupport/UnityEditor.WebGL.Extensions.dll
Register platform support module: D:/programs/unity/2020.3.11f1/Editor/Data/PlaybackEngines/WindowsStandaloneSupport/UnityEditor.WindowsStandalone.Extensions.dll
Register platform support module: D:/programs/unity/2020.3.11f1/Editor/Data/PlaybackEngines/LuminSupport/UnityEditor.Lumin.Extensions.dll
Registered in 0.001038 seconds.
Native extension for Lumin target not found
Native extension for WindowsStandalone target not found
Native extension for WebGL target not found
Refreshing native plugins compatible for Editor in 23.43 ms, found 2 plugins.
Preloading 0 native plugins for Editor in 0.00 ms.
Mono: successfully reloaded assembly
- Completed reload, in  1.220 seconds
Platform modules already initialized, skipping
Registering precompiled user dll's ...
Registered in 0.002070 seconds.
Begin MonoManager ReloadAssembly
Native extension for Lumin target not found
Native extension for WindowsStandalone target not found
Native extension for WebGL target not found
Refreshing native plugins compatible for Editor in 0.27 ms, found 2 plugins.
Preloading 0 native plugins for Editor in 0.00 ms.
Mono: successfully reloaded assembly
- Completed reload, in  0.807 seconds
Platform modules already initialized, skipping
========================================================================
Worker process is ready to serve import requests
Launched and connected shader compiler UnityShaderCompiler.exe after 0.05 seconds
Refreshing native plugins compatible for Editor in 0.27 ms, found 2 plugins.
Preloading 0 native plugins for Editor in 0.00 ms.
Unloading 1391 Unused Serialized files (Serialized files now loaded: 0)
System memory in use before: 65.3 MB.
System memory in use after: 65.3 MB.

Unloading 19 unused Assets to reduce memory usage. Loaded Objects now: 1826.
Total: 1.592200 ms (FindLiveObjects: 0.146300 ms CreateObjectMapping: 0.045500 ms MarkObjects: 1.337100 ms  DeleteObjects: 0.062500 ms)

========================================================================
Received Import Request.
  path: Assets/PerceptronV2/PerceptronV2.cs
  artifactKey: Guid(cda7974e119d2f0448729a8310ec38ba) Importer(815301076,1909f56bfc062723c751e8b465ee728b)
Start importing Assets/PerceptronV2/PerceptronV2.cs using Guid(cda7974e119d2f0448729a8310ec38ba) Importer(815301076,1909f56bfc062723c751e8b465ee728b)  -> (artifact id: '762421f47870119484a46e8913b3da61') in 0.029660 seconds
  Import took 0.031672 seconds .

========================================================================
Received Import Request.
  Time since last request: 217.886378 seconds.
  path: Assets/PerceptronV2/PerceptronV2.cs
  artifactKey: Guid(cda7974e119d2f0448729a8310ec38ba) Importer(815301076,1909f56bfc062723c751e8b465ee728b)
Start importing Assets/PerceptronV2/PerceptronV2.cs using Guid(cda7974e119d2f0448729a8310ec38ba) Importer(815301076,1909f56bfc062723c751e8b465ee728b)  -> (artifact id: '1b65c150d3e59bda628788bb782f3bc7') in 0.001338 seconds
  Import took 0.127374 seconds .

========================================================================
Received Prepare
Registering precompiled user dll's ...
Registered in 0.001818 seconds.
Begin MonoManager ReloadAssembly
Native extension for Lumin target not found
Native extension for WindowsStandalone target not found
Native extension for WebGL target not found
Refreshing native plugins compatible for Editor in 0.27 ms, found 2 plugins.
Preloading 0 native plugins for Editor in 0.00 ms.
Mono: successfully reloaded assembly
- Completed reload, in  0.785 seconds
Platform modules already initialized, skipping
Refreshing native plugins compatible for Editor in 0.29 ms, found 2 plugins.
Preloading 0 native plugins for Editor in 0.00 ms.
Unloading 1385 Unused Serialized files (Serialized files now loaded: 0)
System memory in use before: 65.2 MB.
System memory in use after: 65.3 MB.

Unloading 15 unused Assets to reduce memory usage. Loaded Objects now: 1828.
Total: 1.685800 ms (FindLiveObjects: 0.124500 ms CreateObjectMapping: 0.035800 ms MarkObjects: 1.447200 ms  DeleteObjects: 0.077500 ms)

========================================================================
Received Import Request.
  Time since last request: 79.712628 seconds.
  path: Assets/PerceptronV2/PerceptronV2.cs
  artifactKey: Guid(cda7974e119d2f0448729a8310ec38ba) Importer(815301076,1909f56bfc062723c751e8b465ee728b)
Start importing Assets/PerceptronV2/PerceptronV2.cs using Guid(cda7974e119d2f0448729a8310ec38ba) Importer(815301076,1909f56bfc062723c751e8b465ee728b)  -> (artifact id: 'cbb88135f0fa3cd554833094d7a89416') in 0.003753 seconds
  Import took 0.005753 seconds .

========================================================================
Received Import Request.
  Time since last request: 0.001888 seconds.
  path: Assets/PerceptronV2/PerceptronV2.cs
  artifactKey: Guid(cda7974e119d2f0448729a8310ec38ba) Importer(815301076,1909f56bfc062723c751e8b465ee728b)
Start importing Assets/PerceptronV2/PerceptronV2.cs using Guid(cda7974e119d2f0448729a8310ec38ba) Importer(815301076,1909f56bfc062723c751e8b465ee728b)  -> (artifact id: 'cbb88135f0fa3cd554833094d7a89416') in 0.001627 seconds
  Import took 0.003518 seconds .

========================================================================
Received Prepare
Registering precompiled user dll's ...
Registered in 0.002053 seconds.
Begin MonoManager ReloadAssembly
Native extension for Lumin target not found
Native extension for WindowsStandalone target not found
Native extension for WebGL target not found
Refreshing native plugins compatible for Editor in 0.40 ms, found 2 plugins.
Preloading 0 native plugins for Editor in 0.00 ms.
Mono: successfully reloaded assembly
- Completed reload, in  0.862 seconds
Platform modules already initialized, skipping
Refreshing native plugins compatible for Editor in 0.31 ms, found 2 plugins.
Preloading 0 native plugins for Editor in 0.00 ms.
Unloading 1385 Unused Serialized files (Serialized files now loaded: 0)
System memory in use before: 65.2 MB.
System memory in use after: 65.3 MB.

Unloading 14 unused Assets to reduce memory usage. Loaded Objects now: 1831.
Total: 1.563700 ms (FindLiveObjects: 0.144900 ms CreateObjectMapping: 0.044600 ms MarkObjects: 1.328900 ms  DeleteObjects: 0.044500 ms)

========================================================================
Received Import Request.
  Time since last request: 2091.910346 seconds.
  path: Assets/PerceptronV2/PerceptronV2.cs
  artifactKey: Guid(cda7974e119d2f0448729a8310ec38ba) Importer(815301076,1909f56bfc062723c751e8b465ee728b)
Start importing Assets/PerceptronV2/PerceptronV2.cs using Guid(cda7974e119d2f0448729a8310ec38ba) Importer(815301076,1909f56bfc062723c751e8b465ee728b)  -> (artifact id: 'f62a77c2fb369fcbc49261bcf686f04c') in 0.002942 seconds
  Import took 0.004694 seconds .

========================================================================
Received Import Request.
  Time since last request: 6.151093 seconds.
  path: Assets/PerceptronV2/Throw.cs
  artifactKey: Guid(21a318e65b878ff40a64c62b943c198b) Importer(815301076,1909f56bfc062723c751e8b465ee728b)
Start importing Assets/PerceptronV2/Throw.cs using Guid(21a318e65b878ff40a64c62b943c198b) Importer(815301076,1909f56bfc062723c751e8b465ee728b)  -> (artifact id: '6a4ab81de2739b4760172d6265567916') in 0.005659 seconds
  Import took 0.071352 seconds .

========================================================================
Received Prepare
Registering precompiled user dll's ...
Registered in 0.001665 seconds.
Begin MonoManager ReloadAssembly
Native extension for Lumin target not found
Native extension for WindowsStandalone target not found
Native extension for WebGL target not found
Refreshing native plugins compatible for Editor in 0.27 ms, found 2 plugins.
Preloading 0 native plugins for Editor in 0.00 ms.
Mono: successfully reloaded assembly
- Completed reload, in  0.796 seconds
Platform modules already initialized, skipping
Refreshing native plugins compatible for Editor in 0.28 ms, found 2 plugins.
Preloading 0 native plugins for Editor in 0.00 ms.
Unloading 1386 Unused Serialized files (Serialized files now loaded: 0)
System memory in use before: 65.2 MB.
System memory in use after: 65.3 MB.

Unloading 14 unused Assets to reduce memory usage. Loaded Objects now: 1835.
Total: 1.609700 ms (FindLiveObjects: 0.131100 ms CreateObjectMapping: 0.042100 ms MarkObjects: 1.392400 ms  DeleteObjects: 0.043400 ms)

========================================================================
Received Prepare
Registering precompiled user dll's ...
Registered in 0.002705 seconds.
Begin MonoManager ReloadAssembly
Native extension for Lumin target not found
Native extension for WindowsStandalone target not found
Native extension for WebGL target not found
Refreshing native plugins compatible for Editor in 0.30 ms, found 2 plugins.
Preloading 0 native plugins for Editor in 0.00 ms.
Mono: successfully reloaded assembly
- Completed reload, in  0.781 seconds
Platform modules already initialized, skipping
Refreshing native plugins compatible for Editor in 0.29 ms, found 2 plugins.
Preloading 0 native plugins for Editor in 0.00 ms.
Unloading 1386 Unused Serialized files (Serialized files now loaded: 0)
System memory in use before: 65.3 MB.
System memory in use after: 65.3 MB.

Unloading 14 unused Assets to reduce memory usage. Loaded Objects now: 1838.
Total: 1.731500 ms (FindLiveObjects: 0.144100 ms CreateObjectMapping: 0.043300 ms MarkObjects: 1.500800 ms  DeleteObjects: 0.042500 ms)

========================================================================
Received Import Request.
  Time since last request: 2500.389682 seconds.
  path: Assets/PerceptronV2/Throw.cs
  artifactKey: Guid(21a318e65b878ff40a64c62b943c198b) Importer(815301076,1909f56bfc062723c751e8b465ee728b)
Start importing Assets/PerceptronV2/Throw.cs using Guid(21a318e65b878ff40a64c62b943c198b) Importer(815301076,1909f56bfc062723c751e8b465ee728b)  -> (artifact id: '543b09a97953b61e62ba329ef5974be9') in 0.006178 seconds
  Import took 0.008147 seconds .

========================================================================
Received Prepare
Registering precompiled user dll's ...
Registered in 0.002026 seconds.
Begin MonoManager ReloadAssembly
Native extension for Lumin target not found
Native extension for WindowsStandalone target not found
Native extension for WebGL target not found
Refreshing native plugins compatible for Editor in 0.32 ms, found 2 plugins.
Preloading 0 native plugins for Editor in 0.00 ms.
Mono: successfully reloaded assembly
- Completed reload, in  0.758 seconds
Platform modules already initialized, skipping
Refreshing native plugins compatible for Editor in 0.27 ms, found 2 plugins.
Preloading 0 native plugins for Editor in 0.00 ms.
Unloading 1386 Unused Serialized files (Serialized files now loaded: 0)
System memory in use before: 65.3 MB.
System memory in use after: 65.3 MB.

Unloading 14 unused Assets to reduce memory usage. Loaded Objects now: 1841.
Total: 1.492800 ms (FindLiveObjects: 0.122500 ms CreateObjectMapping: 0.039400 ms MarkObjects: 1.289500 ms  DeleteObjects: 0.040700 ms)

========================================================================
Received Prepare
Registering precompiled user dll's ...
Registered in 0.001749 seconds.
Begin MonoManager ReloadAssembly
Native extension for Lumin target not found
Native extension for WindowsStandalone target not found
Native extension for WebGL target not found
Refreshing native plugins compatible for Editor in 0.27 ms, found 2 plugins.
Preloading 0 native plugins for Editor in 0.00 ms.
Mono: successfully reloaded assembly
- Completed reload, in  0.796 seconds
Platform modules already initialized, skipping
Refreshing native plugins compatible for Editor in 0.27 ms, found 2 plugins.
Preloading 0 native plugins for Editor in 0.00 ms.
Unloading 1386 Unused Serialized files (Serialized files now loaded: 0)
System memory in use before: 65.3 MB.
System memory in use after: 65.3 MB.

Unloading 14 unused Assets to reduce memory usage. Loaded Objects now: 1844.
Total: 1.579800 ms (FindLiveObjects: 0.134900 ms CreateObjectMapping: 0.041900 ms MarkObjects: 1.359400 ms  DeleteObjects: 0.042900 ms)

========================================================================
Received Prepare
Registering precompiled user dll's ...
Registered in 0.001940 seconds.
Begin MonoManager ReloadAssembly
Native extension for Lumin target not found
Native extension for WindowsStandalone target not found
Native extension for WebGL target not found
Refreshing native plugins compatible for Editor in 0.26 ms, found 2 plugins.
Preloading 0 native plugins for Editor in 0.00 ms.
Mono: successfully reloaded assembly
- Completed reload, in  0.731 seconds
Platform modules already initialized, skipping
Refreshing native plugins compatible for Editor in 0.27 ms, found 2 plugins.
Preloading 0 native plugins for Editor in 0.00 ms.
Unloading 1386 Unused Serialized files (Serialized files now loaded: 0)
System memory in use before: 65.3 MB.
System memory in use after: 65.4 MB.

Unloading 14 unused Assets to reduce memory usage. Loaded Objects now: 1847.
Total: 1.512000 ms (FindLiveObjects: 0.123100 ms CreateObjectMapping: 0.040600 ms MarkObjects: 1.307600 ms  DeleteObjects: 0.039900 ms)

========================================================================
Received Prepare
Registering precompiled user dll's ...
Registered in 0.001745 seconds.
Begin MonoManager ReloadAssembly
Native extension for Lumin target not found
Native extension for WindowsStandalone target not found
Native extension for WebGL target not found
Refreshing native plugins compatible for Editor in 0.28 ms, found 2 plugins.
Preloading 0 native plugins for Editor in 0.00 ms.
Mono: successfully reloaded assembly
- Completed reload, in  0.756 seconds
Platform modules already initialized, skipping
Refreshing native plugins compatible for Editor in 0.25 ms, found 2 plugins.
Preloading 0 native plugins for Editor in 0.00 ms.
Unloading 1386 Unused Serialized files (Serialized files now loaded: 0)
System memory in use before: 65.3 MB.
System memory in use after: 65.4 MB.

Unloading 14 unused Assets to reduce memory usage. Loaded Objects now: 1850.
Total: 1.578200 ms (FindLiveObjects: 0.127400 ms CreateObjectMapping: 0.040800 ms MarkObjects: 1.358500 ms  DeleteObjects: 0.050800 ms)

========================================================================
Received Prepare
Registering precompiled user dll's ...
Registered in 0.002144 seconds.
Begin MonoManager ReloadAssembly
Native extension for Lumin target not found
Native extension for WindowsStandalone target not found
Native extension for WebGL target not found
Refreshing native plugins compatible for Editor in 0.27 ms, found 2 plugins.
Preloading 0 native plugins for Editor in 0.00 ms.
Mono: successfully reloaded assembly
- Completed reload, in  0.751 seconds
Platform modules already initialized, skipping
Refreshing native plugins compatible for Editor in 0.28 ms, found 2 plugins.
Preloading 0 native plugins for Editor in 0.00 ms.
Unloading 1386 Unused Serialized files (Serialized files now loaded: 0)
System memory in use before: 65.3 MB.
System memory in use after: 65.4 MB.

Unloading 14 unused Assets to reduce memory usage. Loaded Objects now: 1853.
Total: 1.524500 ms (FindLiveObjects: 0.131500 ms CreateObjectMapping: 0.042700 ms MarkObjects: 1.307600 ms  DeleteObjects: 0.041500 ms)

========================================================================
Received Import Request.
  Time since last request: 2929.184656 seconds.
  path: Assets/PerceptronV2/PerceptronV2.cs
  artifactKey: Guid(cda7974e119d2f0448729a8310ec38ba) Importer(815301076,1909f56bfc062723c751e8b465ee728b)
Start importing Assets/PerceptronV2/PerceptronV2.cs using Guid(cda7974e119d2f0448729a8310ec38ba) Importer(815301076,1909f56bfc062723c751e8b465ee728b)  -> (artifact id: 'ae4c2595973b6f97d4daaa5f8078997a') in 0.003508 seconds
  Import took 0.005953 seconds .

========================================================================
Received Import Request.
  Time since last request: 0.003342 seconds.
  path: Assets/PerceptronV2/PerceptronV2.cs
  artifactKey: Guid(cda7974e119d2f0448729a8310ec38ba) Importer(815301076,1909f56bfc062723c751e8b465ee728b)
Start importing Assets/PerceptronV2/PerceptronV2.cs using Guid(cda7974e119d2f0448729a8310ec38ba) Importer(815301076,1909f56bfc062723c751e8b465ee728b)  -> (artifact id: 'ae4c2595973b6f97d4daaa5f8078997a') in 0.001534 seconds
  Import took 0.003777 seconds .

========================================================================
Received Prepare
Registering precompiled user dll's ...
Registered in 0.001934 seconds.
Begin MonoManager ReloadAssembly
Native extension for Lumin target not found
Native extension for WindowsStandalone target not found
Native extension for WebGL target not found
Refreshing native plugins compatible for Editor in 0.29 ms, found 2 plugins.
Preloading 0 native plugins for Editor in 0.00 ms.
Mono: successfully reloaded assembly
- Completed reload, in  0.773 seconds
Platform modules already initialized, skipping
Refreshing native plugins compatible for Editor in 0.31 ms, found 2 plugins.
Preloading 0 native plugins for Editor in 0.00 ms.
Unloading 1386 Unused Serialized files (Serialized files now loaded: 0)
System memory in use before: 65.3 MB.
System memory in use after: 65.4 MB.

Unloading 14 unused Assets to reduce memory usage. Loaded Objects now: 1856.
Total: 1.689100 ms (FindLiveObjects: 0.120900 ms CreateObjectMapping: 0.038200 ms MarkObjects: 1.487400 ms  DeleteObjects: 0.042000 ms)

========================================================================
Received Prepare
Registering precompiled user dll's ...
Registered in 0.001792 seconds.
Begin MonoManager ReloadAssembly
Native extension for Lumin target not found
Native extension for WindowsStandalone target not found
Native extension for WebGL target not found
Refreshing native plugins compatible for Editor in 0.31 ms, found 2 plugins.
Preloading 0 native plugins for Editor in 0.00 ms.
Mono: successfully reloaded assembly
- Completed reload, in  0.774 seconds
Platform modules already initialized, skipping
Refreshing native plugins compatible for Editor in 0.31 ms, found 2 plugins.
Preloading 0 native plugins for Editor in 0.00 ms.
Unloading 1386 Unused Serialized files (Serialized files now loaded: 0)
System memory in use before: 65.3 MB.
System memory in use after: 65.4 MB.

Unloading 14 unused Assets to reduce memory usage. Loaded Objects now: 1859.
Total: 1.763100 ms (FindLiveObjects: 0.157500 ms CreateObjectMapping: 0.047000 ms MarkObjects: 1.499600 ms  DeleteObjects: 0.058000 ms)

========================================================================
Received Import Request.
  Time since last request: 88.048233 seconds.
  path: Assets/Weights.txt
  artifactKey: Guid(e7b6484fe230f6743bc4a200174f7c94) Importer(815301076,1909f56bfc062723c751e8b465ee728b)
Start importing Assets/Weights.txt using Guid(e7b6484fe230f6743bc4a200174f7c94) Importer(815301076,1909f56bfc062723c751e8b465ee728b)  -> (artifact id: 'bffbf95b4646c3400d47a3085c583ed7') in 0.122502 seconds
  Import took 0.124614 seconds .

========================================================================
Received Prepare
Registering precompiled user dll's ...
Registered in 0.001808 seconds.
Begin MonoManager ReloadAssembly
Native extension for Lumin target not found
Native extension for WindowsStandalone target not found
Native extension for WebGL target not found
Refreshing native plugins compatible for Editor in 0.30 ms, found 2 plugins.
Preloading 0 native plugins for Editor in 0.00 ms.
Mono: successfully reloaded assembly
- Completed reload, in  0.737 seconds
Platform modules already initialized, skipping
Refreshing native plugins compatible for Editor in 0.28 ms, found 2 plugins.
Preloading 0 native plugins for Editor in 0.00 ms.
Unloading 1386 Unused Serialized files (Serialized files now loaded: 0)
System memory in use before: 65.3 MB.
System memory in use after: 65.4 MB.

Unloading 14 unused Assets to reduce memory usage. Loaded Objects now: 1862.
Total: 1.627000 ms (FindLiveObjects: 0.125900 ms CreateObjectMapping: 0.040400 ms MarkObjects: 1.417500 ms  DeleteObjects: 0.042400 ms)

========================================================================
Received Prepare
Registering precompiled user dll's ...
Registered in 0.002477 seconds.
Begin MonoManager ReloadAssembly
Native extension for Lumin target not found
Native extension for WindowsStandalone target not found
Native extension for WebGL target not found
Refreshing native plugins compatible for Editor in 0.36 ms, found 2 plugins.
Preloading 0 native plugins for Editor in 0.00 ms.
Mono: successfully reloaded assembly
- Completed reload, in  0.983 seconds
Platform modules already initialized, skipping
Refreshing native plugins compatible for Editor in 0.33 ms, found 2 plugins.
Preloading 0 native plugins for Editor in 0.00 ms.
Unloading 1386 Unused Serialized files (Serialized files now loaded: 0)
System memory in use before: 65.3 MB.
System memory in use after: 65.4 MB.

Unloading 14 unused Assets to reduce memory usage. Loaded Objects now: 1865.
Total: 1.889000 ms (FindLiveObjects: 0.169700 ms CreateObjectMapping: 0.055100 ms MarkObjects: 1.615600 ms  DeleteObjects: 0.047700 ms)

========================================================================
Received Prepare
Registering precompiled user dll's ...
Registered in 0.002637 seconds.
Begin MonoManager ReloadAssembly
Native extension for Lumin target not found
Native extension for WindowsStandalone target not found
Native extension for WebGL target not found
Refreshing native plugins compatible for Editor in 0.35 ms, found 2 plugins.
Preloading 0 native plugins for Editor in 0.00 ms.
Mono: successfully reloaded assembly
- Completed reload, in  1.020 seconds
Platform modules already initialized, skipping
Refreshing native plugins compatible for Editor in 0.44 ms, found 2 plugins.
Preloading 0 native plugins for Editor in 0.00 ms.
Unloading 1386 Unused Serialized files (Serialized files now loaded: 0)
System memory in use before: 65.3 MB.
System memory in use after: 65.4 MB.

Unloading 14 unused Assets to reduce memory usage. Loaded Objects now: 1868.
Total: 2.321200 ms (FindLiveObjects: 0.164700 ms CreateObjectMapping: 0.052900 ms MarkObjects: 2.045500 ms  DeleteObjects: 0.057200 ms)

========================================================================
Received Import Request.
  Time since last request: 440.396033 seconds.
  path: Assets/Weights.txt
  artifactKey: Guid(e7b6484fe230f6743bc4a200174f7c94) Importer(815301076,1909f56bfc062723c751e8b465ee728b)
Start importing Assets/Weights.txt using Guid(e7b6484fe230f6743bc4a200174f7c94) Importer(815301076,1909f56bfc062723c751e8b465ee728b)  -> (artifact id: '2d4ad89900a060d473d2bdadb8f8bdcb') in 0.012905 seconds
  Import took 0.016164 seconds .

========================================================================
Received Import Request.
  Time since last request: 0.000768 seconds.
  path: Assets/Weights.txt
  artifactKey: Guid(e7b6484fe230f6743bc4a200174f7c94) Importer(815301076,1909f56bfc062723c751e8b465ee728b)
Start importing Assets/Weights.txt using Guid(e7b6484fe230f6743bc4a200174f7c94) Importer(815301076,1909f56bfc062723c751e8b465ee728b)  -> (artifact id: '2d4ad89900a060d473d2bdadb8f8bdcb') in 0.002149 seconds
  Import took 0.004967 seconds .

AssetImportWorkerClient::OnTransportError - code=2 error=End of file
